file /Users/paulpedersen/dev/textpoc/mongo/SConstruct,line 976:
	Configure(confdir = build/scons/sconf_temp)
scons: Configure: Checking whether the C++ compiler works... 
build/scons/sconf_temp/conftest_0.cpp <-
  |
  |int main()
  |{
  |    return 0;
  |}
  |
/usr/bin/clang++ -o build/scons/sconf_temp/conftest_0.o -c -I/usr/local/opt build/scons/sconf_temp/conftest_0.cpp
scons: Configure: yes

scons: Configure: Checking whether the C compiler works... 
build/scons/sconf_temp/conftest_1.c <-
  |
  |int main()
  |{
  |    return 0;
  |}
  |
/usr/bin/clang -o build/scons/sconf_temp/conftest_1.o -c -I/usr/local/opt build/scons/sconf_temp/conftest_1.c
scons: Configure: yes

scons: Configure: Checking if C++ compiler "/usr/bin/clang++" is GCC... 
build/scons/sconf_temp/conftest_2.cpp <-
  |
  |#if defined(__GNUC__) && !defined(__clang__)
  |/* we are using toolchain defined(__GNUC__) && !defined(__clang__) */
  |#else
  |#error
  |#endif
  |
/usr/bin/clang++ -o build/scons/sconf_temp/conftest_2.o -c -I/usr/local/opt build/scons/sconf_temp/conftest_2.cpp
build/scons/sconf_temp/conftest_2.cpp:5:2: error: 
#error
 ^
1 error generated.
scons: Configure: no

scons: Configure: Checking if C++ compiler "/usr/bin/clang++" is clang... 
build/scons/sconf_temp/conftest_3.cpp <-
  |
  |#if defined(__clang__)
  |/* we are using toolchain defined(__clang__) */
  |#else
  |#error
  |#endif
  |
/usr/bin/clang++ -o build/scons/sconf_temp/conftest_3.o -c -I/usr/local/opt build/scons/sconf_temp/conftest_3.cpp
scons: Configure: yes

scons: Configure: Checking if C compiler "/usr/bin/clang" is clang... 
build/scons/sconf_temp/conftest_4.c <-
  |
  |#if defined(__clang__)
  |/* we are using toolchain defined(__clang__) */
  |#else
  |#error
  |#endif
  |
/usr/bin/clang -o build/scons/sconf_temp/conftest_4.o -c -I/usr/local/opt build/scons/sconf_temp/conftest_4.c
scons: Configure: yes

build/scons/sconf_temp/conftest_5.c <-
  |
  |#if defined(__x86_64) || defined(_M_AMD64)
  |/* Detected x86_64 */
  |#else
  |#error not x86_64
  |#endif
  |
/usr/bin/clang -o build/scons/sconf_temp/conftest_5.o -c -I/usr/local/opt build/scons/sconf_temp/conftest_5.c
scons: Configure: Detected a x86_64 processor

scons: Configure: Checking if target OS osx is supported by the toolchain 
build/scons/sconf_temp/conftest_6.c <-
  |
  |#if defined(__APPLE__)
  |/* detected osx */
  |#else
  |#error
  |#endif
  |
/usr/bin/clang -o build/scons/sconf_temp/conftest_6.o -c -I/usr/local/opt build/scons/sconf_temp/conftest_6.c
scons: Configure: yes


file /Users/paulpedersen/dev/textpoc/mongo/SConstruct,line 1599:
	Configure(confdir = build/scons/sconf_temp)
scons: Configure: Checking if C compiler is clang 3.4 (or Apple XCode 5.1.1) or newer...
build/scons/sconf_temp/conftest_7.c <-
  |
  |#if !defined(__clang__)
  |#error
  |#endif
  |
  |#if defined(__apple_build_version__)
  |#if __apple_build_version__ < 5030040
  |#error clang 3.4 (or Apple XCode 5.1.1) or newer is required to build MongoDB
  |#endif
  |#elif (__clang_major__ < 3) || (__clang_major__ == 3 && __clang_minor__ < 4)
  |#error clang 3.4 (or Apple XCode 5.1.1) or newer is required to build MongoDB
  |#endif
  |
  |int main(int argc, char* argv[]) {
  |    return 0;
  |}
  |
/usr/bin/clang -o build/scons/sconf_temp/conftest_7.o -c -fno-omit-frame-pointer -fPIC -fno-strict-aliasing -ggdb -pthread -Wall -Wsign-compare -Wno-unknown-pragmas -Winvalid-pch -Werror -O0 -fstack-protector -I/usr/local/opt build/scons/sconf_temp/conftest_7.c
scons: Configure: yes

scons: Configure: Checking if C++ compiler is clang 3.4 (or Apple XCode 5.1.1) or newer...
build/scons/sconf_temp/conftest_8.cpp <-
  |
  |#if !defined(__clang__)
  |#error
  |#endif
  |
  |#if defined(__apple_build_version__)
  |#if __apple_build_version__ < 5030040
  |#error clang 3.4 (or Apple XCode 5.1.1) or newer is required to build MongoDB
  |#endif
  |#elif (__clang_major__ < 3) || (__clang_major__ == 3 && __clang_minor__ < 4)
  |#error clang 3.4 (or Apple XCode 5.1.1) or newer is required to build MongoDB
  |#endif
  |
  |int main(int argc, char* argv[]) {
  |    return 0;
  |}
  |
/usr/bin/clang++ -o build/scons/sconf_temp/conftest_8.o -c -Wnon-virtual-dtor -Woverloaded-virtual -fno-omit-frame-pointer -fPIC -fno-strict-aliasing -ggdb -pthread -Wall -Wsign-compare -Wno-unknown-pragmas -Winvalid-pch -Werror -O0 -fstack-protector -I/usr/local/opt build/scons/sconf_temp/conftest_8.cpp
scons: Configure: yes


file /Users/paulpedersen/dev/textpoc/mongo/SConstruct,line 1685:
	Configure(confdir = build/scons/sconf_temp)
scons: Configure: Checking if C compiler supports -Wno-unused-local-typedefs... 
build/scons/sconf_temp/conftest_9.c <-
  |
/usr/bin/clang -o build/scons/sconf_temp/conftest_9.o -c -fno-omit-frame-pointer -fPIC -fno-strict-aliasing -ggdb -pthread -Wall -Wsign-compare -Wno-unknown-pragmas -Winvalid-pch -Werror -O0 -fstack-protector -Wno-unused-local-typedefs -Werror -I/usr/local/opt build/scons/sconf_temp/conftest_9.c
error: unknown warning option '-Wno-unused-local-typedefs' [-Werror,-Wunknown-warning-option]
scons: Configure: no


file /Users/paulpedersen/dev/textpoc/mongo/SConstruct,line 1685:
	Configure(confdir = build/scons/sconf_temp)
scons: Configure: Checking if C compiler supports -Wno-unused-function... 
build/scons/sconf_temp/conftest_10.c <-
  |
/usr/bin/clang -o build/scons/sconf_temp/conftest_10.o -c -fno-omit-frame-pointer -fPIC -fno-strict-aliasing -ggdb -pthread -Wall -Wsign-compare -Wno-unknown-pragmas -Winvalid-pch -Werror -O0 -fstack-protector -Wno-unused-function -Werror -I/usr/local/opt build/scons/sconf_temp/conftest_10.c
scons: Configure: yes


file /Users/paulpedersen/dev/textpoc/mongo/SConstruct,line 1685:
	Configure(confdir = build/scons/sconf_temp)
scons: Configure: Checking if C compiler supports -Wno-unused-private-field... 
build/scons/sconf_temp/conftest_11.c <-
  |
/usr/bin/clang -o build/scons/sconf_temp/conftest_11.o -c -fno-omit-frame-pointer -fPIC -fno-strict-aliasing -ggdb -pthread -Wall -Wsign-compare -Wno-unknown-pragmas -Winvalid-pch -Werror -O0 -fstack-protector -Wno-unused-function -Wno-unused-private-field -Werror -I/usr/local/opt build/scons/sconf_temp/conftest_11.c
scons: Configure: yes


file /Users/paulpedersen/dev/textpoc/mongo/SConstruct,line 1685:
	Configure(confdir = build/scons/sconf_temp)
scons: Configure: Checking if C compiler supports -Wno-deprecated-declarations... 
build/scons/sconf_temp/conftest_12.c <-
  |
/usr/bin/clang -o build/scons/sconf_temp/conftest_12.o -c -fno-omit-frame-pointer -fPIC -fno-strict-aliasing -ggdb -pthread -Wall -Wsign-compare -Wno-unknown-pragmas -Winvalid-pch -Werror -O0 -fstack-protector -Wno-unused-function -Wno-unused-private-field -Wno-deprecated-declarations -Werror -I/usr/local/opt build/scons/sconf_temp/conftest_12.c
scons: Configure: yes


file /Users/paulpedersen/dev/textpoc/mongo/SConstruct,line 1685:
	Configure(confdir = build/scons/sconf_temp)
scons: Configure: Checking if C compiler supports -Wno-tautological-constant-out-of-range-compare... 
build/scons/sconf_temp/conftest_13.c <-
  |
/usr/bin/clang -o build/scons/sconf_temp/conftest_13.o -c -fno-omit-frame-pointer -fPIC -fno-strict-aliasing -ggdb -pthread -Wall -Wsign-compare -Wno-unknown-pragmas -Winvalid-pch -Werror -O0 -fstack-protector -Wno-unused-function -Wno-unused-private-field -Wno-deprecated-declarations -Wno-tautological-constant-out-of-range-compare -Werror -I/usr/local/opt build/scons/sconf_temp/conftest_13.c
scons: Configure: yes


file /Users/paulpedersen/dev/textpoc/mongo/SConstruct,line 1685:
	Configure(confdir = build/scons/sconf_temp)
scons: Configure: Checking if C compiler supports -Wno-unused-const-variable... 
build/scons/sconf_temp/conftest_14.c <-
  |
/usr/bin/clang -o build/scons/sconf_temp/conftest_14.o -c -fno-omit-frame-pointer -fPIC -fno-strict-aliasing -ggdb -pthread -Wall -Wsign-compare -Wno-unknown-pragmas -Winvalid-pch -Werror -O0 -fstack-protector -Wno-unused-function -Wno-unused-private-field -Wno-deprecated-declarations -Wno-tautological-constant-out-of-range-compare -Wno-unused-const-variable -Werror -I/usr/local/opt build/scons/sconf_temp/conftest_14.c
scons: Configure: yes


file /Users/paulpedersen/dev/textpoc/mongo/SConstruct,line 1685:
	Configure(confdir = build/scons/sconf_temp)
scons: Configure: Checking if C compiler supports -Wno-unused-but-set-variable... 
build/scons/sconf_temp/conftest_15.c <-
  |
/usr/bin/clang -o build/scons/sconf_temp/conftest_15.o -c -fno-omit-frame-pointer -fPIC -fno-strict-aliasing -ggdb -pthread -Wall -Wsign-compare -Wno-unknown-pragmas -Winvalid-pch -Werror -O0 -fstack-protector -Wno-unused-function -Wno-unused-private-field -Wno-deprecated-declarations -Wno-tautological-constant-out-of-range-compare -Wno-unused-const-variable -Wno-unused-but-set-variable -Werror -I/usr/local/opt build/scons/sconf_temp/conftest_15.c
error: unknown warning option '-Wno-unused-but-set-variable'; did you mean '-Wno-unused-const-variable'? [-Werror,-Wunknown-warning-option]
scons: Configure: no


file /Users/paulpedersen/dev/textpoc/mongo/SConstruct,line 1685:
	Configure(confdir = build/scons/sconf_temp)
scons: Configure: Checking if C compiler supports -Wno-missing-braces... 
build/scons/sconf_temp/conftest_16.c <-
  |
/usr/bin/clang -o build/scons/sconf_temp/conftest_16.o -c -fno-omit-frame-pointer -fPIC -fno-strict-aliasing -ggdb -pthread -Wall -Wsign-compare -Wno-unknown-pragmas -Winvalid-pch -Werror -O0 -fstack-protector -Wno-unused-function -Wno-unused-private-field -Wno-deprecated-declarations -Wno-tautological-constant-out-of-range-compare -Wno-unused-const-variable -Wno-missing-braces -Werror -I/usr/local/opt build/scons/sconf_temp/conftest_16.c
scons: Configure: yes


file /Users/paulpedersen/dev/textpoc/mongo/SConstruct,line 1685:
	Configure(confdir = build/scons/sconf_temp)
scons: Configure: Checking if C compiler supports -Wno-inconsistent-missing-override... 
build/scons/sconf_temp/conftest_17.c <-
  |
/usr/bin/clang -o build/scons/sconf_temp/conftest_17.o -c -fno-omit-frame-pointer -fPIC -fno-strict-aliasing -ggdb -pthread -Wall -Wsign-compare -Wno-unknown-pragmas -Winvalid-pch -Werror -O0 -fstack-protector -Wno-unused-function -Wno-unused-private-field -Wno-deprecated-declarations -Wno-tautological-constant-out-of-range-compare -Wno-unused-const-variable -Wno-missing-braces -Wno-inconsistent-missing-override -Werror -I/usr/local/opt build/scons/sconf_temp/conftest_17.c
error: unknown warning option '-Wno-inconsistent-missing-override' [-Werror,-Wunknown-warning-option]
scons: Configure: no


file /Users/paulpedersen/dev/textpoc/mongo/SConstruct,line 1685:
	Configure(confdir = build/scons/sconf_temp)
scons: Configure: Checking if C compiler supports -Wno-potentially-evaluated-expression... 
build/scons/sconf_temp/conftest_18.c <-
  |
/usr/bin/clang -o build/scons/sconf_temp/conftest_18.o -c -fno-omit-frame-pointer -fPIC -fno-strict-aliasing -ggdb -pthread -Wall -Wsign-compare -Wno-unknown-pragmas -Winvalid-pch -Werror -O0 -fstack-protector -Wno-unused-function -Wno-unused-private-field -Wno-deprecated-declarations -Wno-tautological-constant-out-of-range-compare -Wno-unused-const-variable -Wno-missing-braces -Wno-potentially-evaluated-expression -Werror -I/usr/local/opt build/scons/sconf_temp/conftest_18.c
error: unknown warning option '-Wno-potentially-evaluated-expression' [-Werror,-Wunknown-warning-option]
scons: Configure: no


file /Users/paulpedersen/dev/textpoc/mongo/SConstruct,line 1685:
	Configure(confdir = build/scons/sconf_temp)
scons: Configure: Checking if C++ compiler supports -Wpessimizing-move... 
build/scons/sconf_temp/conftest_19.cpp <-
  |
/usr/bin/clang++ -o build/scons/sconf_temp/conftest_19.o -c -Wnon-virtual-dtor -Woverloaded-virtual -Wpessimizing-move -fno-omit-frame-pointer -fPIC -fno-strict-aliasing -ggdb -pthread -Wall -Wsign-compare -Wno-unknown-pragmas -Winvalid-pch -Werror -O0 -fstack-protector -Wno-unused-function -Wno-unused-private-field -Wno-deprecated-declarations -Wno-tautological-constant-out-of-range-compare -Wno-unused-const-variable -Wno-missing-braces -Werror -I/usr/local/opt build/scons/sconf_temp/conftest_19.cpp
error: unknown warning option '-Wpessimizing-move' [-Werror,-Wunknown-warning-option]
scons: Configure: no


file /Users/paulpedersen/dev/textpoc/mongo/SConstruct,line 1685:
	Configure(confdir = build/scons/sconf_temp)
scons: Configure: Checking if C++ compiler supports -Wredundant-move... 
build/scons/sconf_temp/conftest_20.cpp <-
  |
/usr/bin/clang++ -o build/scons/sconf_temp/conftest_20.o -c -Wnon-virtual-dtor -Woverloaded-virtual -Wredundant-move -fno-omit-frame-pointer -fPIC -fno-strict-aliasing -ggdb -pthread -Wall -Wsign-compare -Wno-unknown-pragmas -Winvalid-pch -Werror -O0 -fstack-protector -Wno-unused-function -Wno-unused-private-field -Wno-deprecated-declarations -Wno-tautological-constant-out-of-range-compare -Wno-unused-const-variable -Wno-missing-braces -Werror -I/usr/local/opt build/scons/sconf_temp/conftest_20.cpp
error: unknown warning option '-Wredundant-move'; did you mean '-Wreturn-type'? [-Werror,-Wunknown-warning-option]
scons: Configure: no


file /Users/paulpedersen/dev/textpoc/mongo/SConstruct,line 1781:
	Configure(confdir = build/scons/sconf_temp)
scons: Configure: Checking if implicit boost::shared_ptr null conversion is supported... 
build/scons/sconf_temp/conftest_21.cpp <-
  |
  |#include <boost/shared_ptr.hpp>
  |struct TestType { int value; bool boolValue; };
  |bool foo() {
  |    boost::shared_ptr<TestType> sp(new TestType);
  |    return NULL != sp;
  |}
  |
/usr/bin/clang++ -o build/scons/sconf_temp/conftest_21.o -c -Wnon-virtual-dtor -Woverloaded-virtual -fno-omit-frame-pointer -fPIC -fno-strict-aliasing -ggdb -pthread -Wall -Wsign-compare -Wno-unknown-pragmas -Winvalid-pch -Werror -O0 -fstack-protector -Wno-unused-function -Wno-unused-private-field -Wno-deprecated-declarations -Wno-tautological-constant-out-of-range-compare -Wno-unused-const-variable -Wno-missing-braces -I/usr/local/opt build/scons/sconf_temp/conftest_21.cpp
build/scons/sconf_temp/conftest_21.cpp:2:10: fatal error: 'boost/shared_ptr.hpp' file not found
#include <boost/shared_ptr.hpp>
         ^
1 error generated.
scons: Configure: no


file /Users/paulpedersen/dev/textpoc/mongo/SConstruct,line 1820:
	Configure(confdir = build/scons/sconf_temp)
scons: Configure: Checking if we are using libstdc++... 
build/scons/sconf_temp/conftest_22.cpp <-
  |
  |#include <vector>
  |#if !defined(__GLIBCXX__)
  |#error
  |#endif
  |
/usr/bin/clang++ -o build/scons/sconf_temp/conftest_22.o -c -Wnon-virtual-dtor -Woverloaded-virtual -fno-omit-frame-pointer -fPIC -fno-strict-aliasing -ggdb -pthread -Wall -Wsign-compare -Wno-unknown-pragmas -Winvalid-pch -Werror -O0 -fstack-protector -Wno-unused-function -Wno-unused-private-field -Wno-deprecated-declarations -Wno-tautological-constant-out-of-range-compare -Wno-unused-const-variable -Wno-missing-braces -Wno-null-conversion -I/usr/local/opt build/scons/sconf_temp/conftest_22.cpp
build/scons/sconf_temp/conftest_22.cpp:4:2: error: 
#error
 ^
1 error generated.
scons: Configure: no


file /Users/paulpedersen/dev/textpoc/mongo/SConstruct,line 1685:
	Configure(confdir = build/scons/sconf_temp)
scons: Configure: Checking if C++ compiler supports -std=c++11... 
build/scons/sconf_temp/conftest_23.cpp <-
  |
/usr/bin/clang++ -o build/scons/sconf_temp/conftest_23.o -c -Wnon-virtual-dtor -Woverloaded-virtual -std=c++11 -fno-omit-frame-pointer -fPIC -fno-strict-aliasing -ggdb -pthread -Wall -Wsign-compare -Wno-unknown-pragmas -Winvalid-pch -Werror -O0 -fstack-protector -Wno-unused-function -Wno-unused-private-field -Wno-deprecated-declarations -Wno-tautological-constant-out-of-range-compare -Wno-unused-const-variable -Wno-missing-braces -Wno-null-conversion -Werror -I/usr/local/opt build/scons/sconf_temp/conftest_23.cpp
scons: Configure: yes


file /Users/paulpedersen/dev/textpoc/mongo/SConstruct,line 1685:
	Configure(confdir = build/scons/sconf_temp)
scons: Configure: Checking if C compiler supports -std=c99... 
build/scons/sconf_temp/conftest_24.c <-
  |
/usr/bin/clang -o build/scons/sconf_temp/conftest_24.o -c -std=c99 -fno-omit-frame-pointer -fPIC -fno-strict-aliasing -ggdb -pthread -Wall -Wsign-compare -Wno-unknown-pragmas -Winvalid-pch -Werror -O0 -fstack-protector -Wno-unused-function -Wno-unused-private-field -Wno-deprecated-declarations -Wno-tautological-constant-out-of-range-compare -Wno-unused-const-variable -Wno-missing-braces -Wno-null-conversion -Werror -I/usr/local/opt build/scons/sconf_temp/conftest_24.c
scons: Configure: yes


file /Users/paulpedersen/dev/textpoc/mongo/SConstruct,line 1856:
	Configure(confdir = build/scons/sconf_temp)
scons: Configure: Checking for C++11... 
build/scons/sconf_temp/conftest_25.cpp <-
  |
  |#ifndef _MSC_VER
  |#if __cplusplus < 201103L
  |#error
  |#endif
  |#endif
  |auto not_an_empty_file = 0;
  |
/usr/bin/clang++ -o build/scons/sconf_temp/conftest_25.o -c -Wnon-virtual-dtor -Woverloaded-virtual -std=c++11 -fno-omit-frame-pointer -fPIC -fno-strict-aliasing -ggdb -pthread -Wall -Wsign-compare -Wno-unknown-pragmas -Winvalid-pch -Werror -O0 -fstack-protector -Wno-unused-function -Wno-unused-private-field -Wno-deprecated-declarations -Wno-tautological-constant-out-of-range-compare -Wno-unused-const-variable -Wno-missing-braces -Wno-null-conversion -I/usr/local/opt build/scons/sconf_temp/conftest_25.cpp
scons: Configure: yes


file /Users/paulpedersen/dev/textpoc/mongo/SConstruct,line 1880:
	Configure(confdir = build/scons/sconf_temp)
scons: Configure: Checking for memset_s... 
build/scons/sconf_temp/conftest_26.cpp <-
  |
  |#define __STDC_WANT_LIB_EXT1__ 1
  |#include <cstring>
  |int main(int argc, char* argv[]) {
  |    void* data = nullptr;
  |    return memset_s(data, 0, 0, 0);
  |}
  |
/usr/bin/clang++ -o build/scons/sconf_temp/conftest_26.o -c -Wnon-virtual-dtor -Woverloaded-virtual -std=c++11 -fno-omit-frame-pointer -fPIC -fno-strict-aliasing -ggdb -pthread -Wall -Wsign-compare -Wno-unknown-pragmas -Winvalid-pch -Werror -O0 -fstack-protector -Wno-unused-function -Wno-unused-private-field -Wno-deprecated-declarations -Wno-tautological-constant-out-of-range-compare -Wno-unused-const-variable -Wno-missing-braces -Wno-null-conversion -I/usr/local/opt build/scons/sconf_temp/conftest_26.cpp
/usr/bin/clang++ -o build/scons/sconf_temp/conftest_26 -fPIC -pthread -Wl,-bind_at_load -fstack-protector build/scons/sconf_temp/conftest_26.o -L/usr/bin:/usr/local/opt -Wl,-all_load -Wl,-noall_load
clang: warning: argument unused during compilation: '-pthread'
ld: warning: directory not found for option '-L/usr/bin:/usr/local/opt'
ld: warning: option -noall_load is obsolete and being ignored
scons: Configure: yes

scons: Configure: Checking for C function strnlen()... 
build/scons/sconf_temp/conftest_27.c <-
  |
  |
  |#include <assert.h>
  |
  |#ifdef __cplusplus
  |extern "C"
  |#endif
  |char strnlen();
  |
  |int main() {
  |#if defined (__stub_strnlen) || defined (__stub___strnlen)
  |  fail fail fail
  |#else
  |  strnlen();
  |#endif
  |
  |  return 0;
  |}
  |
/usr/bin/clang -o build/scons/sconf_temp/conftest_27.o -c -std=c99 -fno-omit-frame-pointer -fPIC -fno-strict-aliasing -ggdb -pthread -Wall -Wsign-compare -Wno-unknown-pragmas -Winvalid-pch -Werror -O0 -fstack-protector -Wno-unused-function -Wno-unused-private-field -Wno-deprecated-declarations -Wno-tautological-constant-out-of-range-compare -Wno-unused-const-variable -Wno-missing-braces -Wno-null-conversion -I/usr/local/opt build/scons/sconf_temp/conftest_27.c
/usr/bin/clang -o build/scons/sconf_temp/conftest_27 -fPIC -pthread -Wl,-bind_at_load -fstack-protector build/scons/sconf_temp/conftest_27.o -L/usr/bin:/usr/local/opt -Wl,-all_load -Wl,-noall_load
clang: warning: argument unused during compilation: '-pthread'
ld: warning: directory not found for option '-L/usr/bin:/usr/local/opt'
ld: warning: option -noall_load is obsolete and being ignored
scons: Configure: yes


file /Users/paulpedersen/dev/textpoc/mongo/SConstruct,line 1977:
	Configure(confdir = build/scons/sconf_temp)
scons: Configure: Checking if we are on a POSIX system... 
build/scons/sconf_temp/conftest_28.c <-
  |
  |// POSIX requires the existence of unistd.h, so if we can't include unistd.h, we
  |// are definitely not a POSIX system.
  |#include <unistd.h>
  |#if !defined(_POSIX_VERSION)
  |#error not a POSIX system
  |#endif
  |
/usr/bin/clang -o build/scons/sconf_temp/conftest_28.o -c -std=c99 -fno-omit-frame-pointer -fPIC -fno-strict-aliasing -ggdb -pthread -Wall -Wsign-compare -Wno-unknown-pragmas -Winvalid-pch -Werror -O0 -fstack-protector -Wno-unused-function -Wno-unused-private-field -Wno-deprecated-declarations -Wno-tautological-constant-out-of-range-compare -Wno-unused-const-variable -Wno-missing-braces -Wno-null-conversion -I/usr/local/opt build/scons/sconf_temp/conftest_28.c
scons: Configure: yes


file /Users/paulpedersen/dev/textpoc/mongo/SConstruct,line 2004:
	Configure(confdir = build/scons/sconf_temp)
scons: Configure: Checking if the POSIX monotonic clock is supported... 
build/scons/sconf_temp/conftest_29.c <-
  |
  |#include <unistd.h>
  |#if !(defined(_POSIX_TIMERS) && _POSIX_TIMERS > 0)
  |#error POSIX clock_gettime not supported
  |#elif !(defined(_POSIX_MONOTONIC_CLOCK) && _POSIX_MONOTONIC_CLOCK >= 0)
  |#error POSIX monotonic clock not supported
  |#endif
  |
/usr/bin/clang -o build/scons/sconf_temp/conftest_29.o -c -std=c99 -fno-omit-frame-pointer -fPIC -fno-strict-aliasing -ggdb -pthread -Wall -Wsign-compare -Wno-unknown-pragmas -Winvalid-pch -Werror -O0 -fstack-protector -Wno-unused-function -Wno-unused-private-field -Wno-deprecated-declarations -Wno-tautological-constant-out-of-range-compare -Wno-unused-const-variable -Wno-missing-braces -Wno-null-conversion -I/usr/local/opt build/scons/sconf_temp/conftest_29.c
build/scons/sconf_temp/conftest_29.c:4:2: error: POSIX clock_gettime not supported
#error POSIX clock_gettime not supported
 ^
1 error generated.
scons: Configure: no

scons: Configure: Checking off_t is 8 bytes... 
build/scons/sconf_temp/conftest_30.c <-
  |#include <sys/types.h>
  |typedef off_t scons_check_type;
  |
  |int main()
  |{
  |    static int test_array[1 - 2 * !(((long int) (sizeof(scons_check_type))) == 8)];
  |    test_array[0] = 0;
  |
  |    return 0;
  |}
  |
/usr/bin/clang -o build/scons/sconf_temp/conftest_30.o -c -std=c99 -fno-omit-frame-pointer -fPIC -fno-strict-aliasing -ggdb -pthread -Wall -Wsign-compare -Wno-unknown-pragmas -Winvalid-pch -Werror -O0 -fstack-protector -Wno-unused-function -Wno-unused-private-field -Wno-deprecated-declarations -Wno-tautological-constant-out-of-range-compare -Wno-unused-const-variable -Wno-missing-braces -Wno-null-conversion -I/usr/local/opt build/scons/sconf_temp/conftest_30.c
scons: Configure: yes


file /Users/paulpedersen/dev/textpoc/mongo/SConstruct,line 1685:
	Configure(confdir = build/scons/sconf_temp)
scons: Configure: Checking if linker supports -fuse-ld=gold... 
build/scons/sconf_temp/conftest_31.c <-
  |
  |#include <stdlib.h>
  |#include <stdio.h>
  |int main() {
  |    printf("Hello, World!");
  |    return EXIT_SUCCESS;
  |}
/usr/bin/clang -o build/scons/sconf_temp/conftest_31.o -c -std=c99 -fno-omit-frame-pointer -fPIC -fno-strict-aliasing -ggdb -pthread -Wall -Wsign-compare -Wno-unknown-pragmas -Winvalid-pch -Werror -O0 -fstack-protector -Wno-unused-function -Wno-unused-private-field -Wno-deprecated-declarations -Wno-tautological-constant-out-of-range-compare -Wno-unused-const-variable -Wno-missing-braces -Wno-null-conversion -Werror -I/usr/local/opt build/scons/sconf_temp/conftest_31.c
/usr/bin/clang -o build/scons/sconf_temp/conftest_31 -fPIC -pthread -Wl,-bind_at_load -fstack-protector -fuse-ld=gold build/scons/sconf_temp/conftest_31.o -L/usr/bin:/usr/local/opt -Wl,-all_load -Wl,-noall_load
clang: error: invalid linker name in argument '-fuse-ld=gold'
scons: Configure: no


file /Users/paulpedersen/dev/textpoc/mongo/SConstruct,line 1685:
	Configure(confdir = build/scons/sconf_temp)
scons: Configure: Checking if C compiler supports -fno-builtin-memcmp... 
build/scons/sconf_temp/conftest_32.c <-
  |
/usr/bin/clang -o build/scons/sconf_temp/conftest_32.o -c -std=c99 -fno-omit-frame-pointer -fPIC -fno-strict-aliasing -ggdb -pthread -Wall -Wsign-compare -Wno-unknown-pragmas -Winvalid-pch -Werror -O0 -fstack-protector -Wno-unused-function -Wno-unused-private-field -Wno-deprecated-declarations -Wno-tautological-constant-out-of-range-compare -Wno-unused-const-variable -Wno-missing-braces -Wno-null-conversion -fno-builtin-memcmp -Werror -I/usr/local/opt build/scons/sconf_temp/conftest_32.c
scons: Configure: yes


file /Users/paulpedersen/dev/textpoc/mongo/SConstruct,line 2147:
	Configure(confdir = build/scons/sconf_temp)
scons: Configure: Checking for storage class thread_local 
build/scons/sconf_temp/conftest_33.cpp <-
  |
  |thread_local int tsp_int = 1;
  |int main(int argc, char** argv) {
  |    return !(tsp_int == argc);
  |}
  |
/usr/bin/clang++ -o build/scons/sconf_temp/conftest_33.o -c -Wnon-virtual-dtor -Woverloaded-virtual -std=c++11 -fno-omit-frame-pointer -fPIC -fno-strict-aliasing -ggdb -pthread -Wall -Wsign-compare -Wno-unknown-pragmas -Winvalid-pch -Werror -O0 -fstack-protector -Wno-unused-function -Wno-unused-private-field -Wno-deprecated-declarations -Wno-tautological-constant-out-of-range-compare -Wno-unused-const-variable -Wno-missing-braces -Wno-null-conversion -fno-builtin-memcmp -I/usr/local/opt build/scons/sconf_temp/conftest_33.cpp
build/scons/sconf_temp/conftest_33.cpp:2:1: error: thread-local storage is not supported for the current target
thread_local int tsp_int = 1;
^
1 error generated.
scons: Configure: no

scons: Configure: Checking for storage class __thread 
build/scons/sconf_temp/conftest_34.cpp <-
  |
  |__thread int tsp_int = 1;
  |int main(int argc, char** argv) {
  |    return !(tsp_int == argc);
  |}
  |
/usr/bin/clang++ -o build/scons/sconf_temp/conftest_34.o -c -Wnon-virtual-dtor -Woverloaded-virtual -std=c++11 -fno-omit-frame-pointer -fPIC -fno-strict-aliasing -ggdb -pthread -Wall -Wsign-compare -Wno-unknown-pragmas -Winvalid-pch -Werror -O0 -fstack-protector -Wno-unused-function -Wno-unused-private-field -Wno-deprecated-declarations -Wno-tautological-constant-out-of-range-compare -Wno-unused-const-variable -Wno-missing-braces -Wno-null-conversion -fno-builtin-memcmp -I/usr/local/opt build/scons/sconf_temp/conftest_34.cpp
/usr/bin/clang++ -o build/scons/sconf_temp/conftest_34 -fPIC -pthread -Wl,-bind_at_load -fstack-protector build/scons/sconf_temp/conftest_34.o -L/usr/bin:/usr/local/opt -Wl,-all_load -Wl,-noall_load
clang: warning: argument unused during compilation: '-pthread'
ld: warning: directory not found for option '-L/usr/bin:/usr/local/opt'
ld: warning: option -noall_load is obsolete and being ignored
scons: Configure: yes

scons: Configure: Checking for storage class __declspec(thread) 
build/scons/sconf_temp/conftest_35.cpp <-
  |
  |__declspec(thread) int tsp_int = 1;
  |int main(int argc, char** argv) {
  |    return !(tsp_int == argc);
  |}
  |
/usr/bin/clang++ -o build/scons/sconf_temp/conftest_35.o -c -Wnon-virtual-dtor -Woverloaded-virtual -std=c++11 -fno-omit-frame-pointer -fPIC -fno-strict-aliasing -ggdb -pthread -Wall -Wsign-compare -Wno-unknown-pragmas -Winvalid-pch -Werror -O0 -fstack-protector -Wno-unused-function -Wno-unused-private-field -Wno-deprecated-declarations -Wno-tautological-constant-out-of-range-compare -Wno-unused-const-variable -Wno-missing-braces -Wno-null-conversion -fno-builtin-memcmp -I/usr/local/opt build/scons/sconf_temp/conftest_35.cpp
build/scons/sconf_temp/conftest_35.cpp:2:12: error: 'thread' attribute ignored [-Werror,-Wignored-attributes]
__declspec(thread) int tsp_int = 1;
           ^
1 error generated.
scons: Configure: no


file /Users/paulpedersen/dev/textpoc/mongo/SConstruct,line 2195:
	Configure(confdir = build/scons/sconf_temp)
scons: Configure: Checking for C++11 is_trivially_copyable support... 
build/scons/sconf_temp/conftest_36.cpp <-
  |
  |#include <type_traits>
  |int main(int argc, char **argv) {
  |    class Trivial {
  |        int trivial1;
  |        double trivial2;
  |        struct {
  |            float trivial3;
  |            short trivial4;
  |        } trivial_member;
  |    };
  |
  |    class NotTrivial {
  |        int x, y;
  |        NotTrivial(const NotTrivial& o) : x(o.y), y(o.x) {}
  |    };
  |
  |    static_assert(std::is_trivially_copyable<Trivial>::value,
  |                  "I should be trivially copyable");
  |    static_assert(!std::is_trivially_copyable<NotTrivial>::value,
  |                  "I should not be trivially copyable");
  |    return 0;
  |}
  |
/usr/bin/clang++ -o build/scons/sconf_temp/conftest_36.o -c -Wnon-virtual-dtor -Woverloaded-virtual -std=c++11 -fno-omit-frame-pointer -fPIC -fno-strict-aliasing -ggdb -pthread -Wall -Wsign-compare -Wno-unknown-pragmas -Winvalid-pch -Werror -O0 -fstack-protector -Wno-unused-function -Wno-unused-private-field -Wno-deprecated-declarations -Wno-tautological-constant-out-of-range-compare -Wno-unused-const-variable -Wno-missing-braces -Wno-null-conversion -fno-builtin-memcmp -I/usr/local/opt build/scons/sconf_temp/conftest_36.cpp
scons: Configure: yes


file /Users/paulpedersen/dev/textpoc/mongo/SConstruct,line 2218:
	Configure(confdir = build/scons/sconf_temp)
scons: Configure: Checking for C++14 std::make_unique support... 
build/scons/sconf_temp/conftest_37.cpp <-
  |
  |#include <memory>
  |int main(int argc, char **argv) {
  |    auto foo = std::make_unique<int>(5);
  |    return 0;
  |}
  |
/usr/bin/clang++ -o build/scons/sconf_temp/conftest_37.o -c -Wnon-virtual-dtor -Woverloaded-virtual -std=c++11 -fno-omit-frame-pointer -fPIC -fno-strict-aliasing -ggdb -pthread -Wall -Wsign-compare -Wno-unknown-pragmas -Winvalid-pch -Werror -O0 -fstack-protector -Wno-unused-function -Wno-unused-private-field -Wno-deprecated-declarations -Wno-tautological-constant-out-of-range-compare -Wno-unused-const-variable -Wno-missing-braces -Wno-null-conversion -fno-builtin-memcmp -I/usr/local/opt build/scons/sconf_temp/conftest_37.cpp
build/scons/sconf_temp/conftest_37.cpp:4:21: error: no member named 'make_unique' in namespace 'std'
    auto foo = std::make_unique<int>(5);
               ~~~~~^
build/scons/sconf_temp/conftest_37.cpp:4:36: error: expected '(' for function-style cast or type construction
    auto foo = std::make_unique<int>(5);
                                ~~~^
2 errors generated.
scons: Configure: no


file /Users/paulpedersen/dev/textpoc/mongo/SConstruct,line 2241:
	Configure(confdir = build/scons/sconf_temp)
scons: Configure: Checking for C library rt... 
build/scons/sconf_temp/conftest_38.c <-
  |
  |
  |
  |int
  |main() {
  |  
  |return 0;
  |}
  |
/usr/bin/clang -o build/scons/sconf_temp/conftest_38.o -c -std=c99 -fno-omit-frame-pointer -fPIC -fno-strict-aliasing -ggdb -pthread -Wall -Wsign-compare -Wno-unknown-pragmas -Winvalid-pch -Werror -O0 -fstack-protector -Wno-unused-function -Wno-unused-private-field -Wno-deprecated-declarations -Wno-tautological-constant-out-of-range-compare -Wno-unused-const-variable -Wno-missing-braces -Wno-null-conversion -fno-builtin-memcmp -DPCRE_STATIC -DBOOST_THREAD_VERSION=4 -DBOOST_THREAD_DONT_PROVIDE_VARIADIC_THREAD -DBOOST_SYSTEM_NO_DEPRECATED -DBOOST_THREAD_DONT_PROVIDE_INTERRUPTIONS -DBOOST_THREAD_HAS_NO_EINTR_BUG -I/usr/local/opt build/scons/sconf_temp/conftest_38.c
/usr/bin/clang -o build/scons/sconf_temp/conftest_38 -fPIC -pthread -Wl,-bind_at_load -fstack-protector build/scons/sconf_temp/conftest_38.o -L/usr/bin:/usr/local/opt -Wl,-all_load -Wl,-noall_load -lrt
clang: warning: argument unused during compilation: '-pthread'
ld: warning: directory not found for option '-L/usr/bin:/usr/local/opt'
ld: warning: option -noall_load is obsolete and being ignored
ld: library not found for -lrt
clang: error: linker command failed with exit code 1 (use -v to see invocation)
scons: Configure: no

scons: Configure: Checking for C library dl... 
build/scons/sconf_temp/conftest_39.c <-
  |
  |
  |
  |int
  |main() {
  |  
  |return 0;
  |}
  |
/usr/bin/clang -o build/scons/sconf_temp/conftest_39.o -c -std=c99 -fno-omit-frame-pointer -fPIC -fno-strict-aliasing -ggdb -pthread -Wall -Wsign-compare -Wno-unknown-pragmas -Winvalid-pch -Werror -O0 -fstack-protector -Wno-unused-function -Wno-unused-private-field -Wno-deprecated-declarations -Wno-tautological-constant-out-of-range-compare -Wno-unused-const-variable -Wno-missing-braces -Wno-null-conversion -fno-builtin-memcmp -DPCRE_STATIC -DBOOST_THREAD_VERSION=4 -DBOOST_THREAD_DONT_PROVIDE_VARIADIC_THREAD -DBOOST_SYSTEM_NO_DEPRECATED -DBOOST_THREAD_DONT_PROVIDE_INTERRUPTIONS -DBOOST_THREAD_HAS_NO_EINTR_BUG -I/usr/local/opt build/scons/sconf_temp/conftest_39.c
/usr/bin/clang -o build/scons/sconf_temp/conftest_39 -fPIC -pthread -Wl,-bind_at_load -fstack-protector build/scons/sconf_temp/conftest_39.o -L/usr/bin:/usr/local/opt -Wl,-all_load -Wl,-noall_load -ldl
clang: warning: argument unused during compilation: '-pthread'
ld: warning: directory not found for option '-L/usr/bin:/usr/local/opt'
ld: warning: option -noall_load is obsolete and being ignored
scons: Configure: yes

scons: Configure: Checking for C++ header file execinfo.h... 
build/scons/sconf_temp/conftest_40.cpp <-
  |
  |#include "execinfo.h"
  |
  |
/usr/bin/clang++ -o build/scons/sconf_temp/conftest_40.o -c -Wnon-virtual-dtor -Woverloaded-virtual -std=c++11 -fno-omit-frame-pointer -fPIC -fno-strict-aliasing -ggdb -pthread -Wall -Wsign-compare -Wno-unknown-pragmas -Winvalid-pch -Werror -O0 -fstack-protector -Wno-unused-function -Wno-unused-private-field -Wno-deprecated-declarations -Wno-tautological-constant-out-of-range-compare -Wno-unused-const-variable -Wno-missing-braces -Wno-null-conversion -fno-builtin-memcmp -DPCRE_STATIC -DBOOST_THREAD_VERSION=4 -DBOOST_THREAD_DONT_PROVIDE_VARIADIC_THREAD -DBOOST_SYSTEM_NO_DEPRECATED -DBOOST_THREAD_DONT_PROVIDE_INTERRUPTIONS -DBOOST_THREAD_HAS_NO_EINTR_BUG -I/usr/local/opt build/scons/sconf_temp/conftest_40.cpp
scons: Configure: yes

scons: Configure: Checking whether backtrace is declared... 
build/scons/sconf_temp/conftest_41.c <-
  |#include <execinfo.h>
  |int main()
  |{
  |#ifndef backtrace
  |    (void) backtrace;
  |#endif
  |    ;
  |    return 0;
  |}
  |
/usr/bin/clang -o build/scons/sconf_temp/conftest_41.o -c -std=c99 -fno-omit-frame-pointer -fPIC -fno-strict-aliasing -ggdb -pthread -Wall -Wsign-compare -Wno-unknown-pragmas -Winvalid-pch -Werror -O0 -fstack-protector -Wno-unused-function -Wno-unused-private-field -Wno-deprecated-declarations -Wno-tautological-constant-out-of-range-compare -Wno-unused-const-variable -Wno-missing-braces -Wno-null-conversion -fno-builtin-memcmp -DPCRE_STATIC -DBOOST_THREAD_VERSION=4 -DBOOST_THREAD_DONT_PROVIDE_VARIADIC_THREAD -DBOOST_SYSTEM_NO_DEPRECATED -DBOOST_THREAD_DONT_PROVIDE_INTERRUPTIONS -DBOOST_THREAD_HAS_NO_EINTR_BUG -I/usr/local/opt build/scons/sconf_temp/conftest_41.c
scons: Configure: yes

scons: Configure: Checking whether backtrace_symbols is declared... 
build/scons/sconf_temp/conftest_42.c <-
  |#include <execinfo.h>
  |int main()
  |{
  |#ifndef backtrace_symbols
  |    (void) backtrace_symbols;
  |#endif
  |    ;
  |    return 0;
  |}
  |
/usr/bin/clang -o build/scons/sconf_temp/conftest_42.o -c -std=c99 -fno-omit-frame-pointer -fPIC -fno-strict-aliasing -ggdb -pthread -Wall -Wsign-compare -Wno-unknown-pragmas -Winvalid-pch -Werror -O0 -fstack-protector -Wno-unused-function -Wno-unused-private-field -Wno-deprecated-declarations -Wno-tautological-constant-out-of-range-compare -Wno-unused-const-variable -Wno-missing-braces -Wno-null-conversion -fno-builtin-memcmp -DPCRE_STATIC -DBOOST_THREAD_VERSION=4 -DBOOST_THREAD_DONT_PROVIDE_VARIADIC_THREAD -DBOOST_SYSTEM_NO_DEPRECATED -DBOOST_THREAD_DONT_PROVIDE_INTERRUPTIONS -DBOOST_THREAD_HAS_NO_EINTR_BUG -I/usr/local/opt build/scons/sconf_temp/conftest_42.c
scons: Configure: yes

scons: Configure: Checking whether backtrace_symbols_fd is declared... 
build/scons/sconf_temp/conftest_43.c <-
  |#include <execinfo.h>
  |int main()
  |{
  |#ifndef backtrace_symbols_fd
  |    (void) backtrace_symbols_fd;
  |#endif
  |    ;
  |    return 0;
  |}
  |
/usr/bin/clang -o build/scons/sconf_temp/conftest_43.o -c -std=c99 -fno-omit-frame-pointer -fPIC -fno-strict-aliasing -ggdb -pthread -Wall -Wsign-compare -Wno-unknown-pragmas -Winvalid-pch -Werror -O0 -fstack-protector -Wno-unused-function -Wno-unused-private-field -Wno-deprecated-declarations -Wno-tautological-constant-out-of-range-compare -Wno-unused-const-variable -Wno-missing-braces -Wno-null-conversion -fno-builtin-memcmp -DPCRE_STATIC -DBOOST_THREAD_VERSION=4 -DBOOST_THREAD_DONT_PROVIDE_VARIADIC_THREAD -DBOOST_SYSTEM_NO_DEPRECATED -DBOOST_THREAD_DONT_PROVIDE_INTERRUPTIONS -DBOOST_THREAD_HAS_NO_EINTR_BUG -I/usr/local/opt build/scons/sconf_temp/conftest_43.c
scons: Configure: yes

scons: Configure: Checking for C library pcap... 
build/scons/sconf_temp/conftest_44.c <-
  |
  |
  |
  |int
  |main() {
  |  
  |return 0;
  |}
  |
/usr/bin/clang -o build/scons/sconf_temp/conftest_44.o -c -std=c99 -fno-omit-frame-pointer -fPIC -fno-strict-aliasing -ggdb -pthread -Wall -Wsign-compare -Wno-unknown-pragmas -Winvalid-pch -Werror -O0 -fstack-protector -Wno-unused-function -Wno-unused-private-field -Wno-deprecated-declarations -Wno-tautological-constant-out-of-range-compare -Wno-unused-const-variable -Wno-missing-braces -Wno-null-conversion -fno-builtin-memcmp -DPCRE_STATIC -DBOOST_THREAD_VERSION=4 -DBOOST_THREAD_DONT_PROVIDE_VARIADIC_THREAD -DBOOST_SYSTEM_NO_DEPRECATED -DBOOST_THREAD_DONT_PROVIDE_INTERRUPTIONS -DBOOST_THREAD_HAS_NO_EINTR_BUG -I/usr/local/opt build/scons/sconf_temp/conftest_44.c
/usr/bin/clang -o build/scons/sconf_temp/conftest_44 -fPIC -pthread -Wl,-bind_at_load -fstack-protector build/scons/sconf_temp/conftest_44.o -L/usr/bin:/usr/local/opt -Wl,-all_load -Wl,-noall_load -ldl -lpcap
clang: warning: argument unused during compilation: '-pthread'
ld: warning: directory not found for option '-L/usr/bin:/usr/local/opt'
ld: warning: option -noall_load is obsolete and being ignored
scons: Configure: yes

scons: Configure: Checking if std::atomic<int64_t> works... 
build/scons/sconf_temp/conftest_45.cpp <-
  |
  |#include <atomic>
  |
  |int main() {
  |    std::atomic<int64_t> x;
  |
  |    x.store(0);
  |    int64_t y = 1;
  |    x.fetch_add(y);
  |    x.fetch_sub(y);
  |    x.exchange(y);
  |    x.compare_exchange_strong(y, x);
  |    return x.load();
  |}
  |
/usr/bin/clang++ -o build/scons/sconf_temp/conftest_45.o -c -Wnon-virtual-dtor -Woverloaded-virtual -std=c++11 -fno-omit-frame-pointer -fPIC -fno-strict-aliasing -ggdb -pthread -Wall -Wsign-compare -Wno-unknown-pragmas -Winvalid-pch -Werror -O0 -fstack-protector -Wno-unused-function -Wno-unused-private-field -Wno-deprecated-declarations -Wno-tautological-constant-out-of-range-compare -Wno-unused-const-variable -Wno-missing-braces -Wno-null-conversion -fno-builtin-memcmp -DPCRE_STATIC -DBOOST_THREAD_VERSION=4 -DBOOST_THREAD_DONT_PROVIDE_VARIADIC_THREAD -DBOOST_SYSTEM_NO_DEPRECATED -DBOOST_THREAD_DONT_PROVIDE_INTERRUPTIONS -DBOOST_THREAD_HAS_NO_EINTR_BUG -I/usr/local/opt build/scons/sconf_temp/conftest_45.cpp
/usr/bin/clang++ -o build/scons/sconf_temp/conftest_45 -fPIC -pthread -Wl,-bind_at_load -fstack-protector build/scons/sconf_temp/conftest_45.o -L/usr/bin:/usr/local/opt -Wl,-all_load -Wl,-noall_load -ldl
clang: warning: argument unused during compilation: '-pthread'
ld: warning: directory not found for option '-L/usr/bin:/usr/local/opt'
ld: warning: option -noall_load is obsolete and being ignored
scons: Configure: yes

scons: Configure: Checking if std::atomic<uint64_t> works... 
build/scons/sconf_temp/conftest_46.cpp <-
  |
  |#include <atomic>
  |
  |int main() {
  |    std::atomic<uint64_t> x;
  |
  |    x.store(0);
  |    uint64_t y = 1;
  |    x.fetch_add(y);
  |    x.fetch_sub(y);
  |    x.exchange(y);
  |    x.compare_exchange_strong(y, x);
  |    return x.load();
  |}
  |
/usr/bin/clang++ -o build/scons/sconf_temp/conftest_46.o -c -Wnon-virtual-dtor -Woverloaded-virtual -std=c++11 -fno-omit-frame-pointer -fPIC -fno-strict-aliasing -ggdb -pthread -Wall -Wsign-compare -Wno-unknown-pragmas -Winvalid-pch -Werror -O0 -fstack-protector -Wno-unused-function -Wno-unused-private-field -Wno-deprecated-declarations -Wno-tautological-constant-out-of-range-compare -Wno-unused-const-variable -Wno-missing-braces -Wno-null-conversion -fno-builtin-memcmp -DPCRE_STATIC -DBOOST_THREAD_VERSION=4 -DBOOST_THREAD_DONT_PROVIDE_VARIADIC_THREAD -DBOOST_SYSTEM_NO_DEPRECATED -DBOOST_THREAD_DONT_PROVIDE_INTERRUPTIONS -DBOOST_THREAD_HAS_NO_EINTR_BUG -I/usr/local/opt build/scons/sconf_temp/conftest_46.cpp
/usr/bin/clang++ -o build/scons/sconf_temp/conftest_46 -fPIC -pthread -Wl,-bind_at_load -fstack-protector build/scons/sconf_temp/conftest_46.o -L/usr/bin:/usr/local/opt -Wl,-all_load -Wl,-noall_load -ldl
clang: warning: argument unused during compilation: '-pthread'
ld: warning: directory not found for option '-L/usr/bin:/usr/local/opt'
ld: warning: option -noall_load is obsolete and being ignored
scons: Configure: yes

scons: Configure: Checking if std::atomic<int32_t> works... 
build/scons/sconf_temp/conftest_47.cpp <-
  |
  |#include <atomic>
  |
  |int main() {
  |    std::atomic<int32_t> x;
  |
  |    x.store(0);
  |    int32_t y = 1;
  |    x.fetch_add(y);
  |    x.fetch_sub(y);
  |    x.exchange(y);
  |    x.compare_exchange_strong(y, x);
  |    return x.load();
  |}
  |
/usr/bin/clang++ -o build/scons/sconf_temp/conftest_47.o -c -Wnon-virtual-dtor -Woverloaded-virtual -std=c++11 -fno-omit-frame-pointer -fPIC -fno-strict-aliasing -ggdb -pthread -Wall -Wsign-compare -Wno-unknown-pragmas -Winvalid-pch -Werror -O0 -fstack-protector -Wno-unused-function -Wno-unused-private-field -Wno-deprecated-declarations -Wno-tautological-constant-out-of-range-compare -Wno-unused-const-variable -Wno-missing-braces -Wno-null-conversion -fno-builtin-memcmp -DPCRE_STATIC -DBOOST_THREAD_VERSION=4 -DBOOST_THREAD_DONT_PROVIDE_VARIADIC_THREAD -DBOOST_SYSTEM_NO_DEPRECATED -DBOOST_THREAD_DONT_PROVIDE_INTERRUPTIONS -DBOOST_THREAD_HAS_NO_EINTR_BUG -I/usr/local/opt build/scons/sconf_temp/conftest_47.cpp
/usr/bin/clang++ -o build/scons/sconf_temp/conftest_47 -fPIC -pthread -Wl,-bind_at_load -fstack-protector build/scons/sconf_temp/conftest_47.o -L/usr/bin:/usr/local/opt -Wl,-all_load -Wl,-noall_load -ldl
clang: warning: argument unused during compilation: '-pthread'
ld: warning: directory not found for option '-L/usr/bin:/usr/local/opt'
ld: warning: option -noall_load is obsolete and being ignored
scons: Configure: yes

scons: Configure: Checking if std::atomic<uint32_t> works... 
build/scons/sconf_temp/conftest_48.cpp <-
  |
  |#include <atomic>
  |
  |int main() {
  |    std::atomic<uint32_t> x;
  |
  |    x.store(0);
  |    uint32_t y = 1;
  |    x.fetch_add(y);
  |    x.fetch_sub(y);
  |    x.exchange(y);
  |    x.compare_exchange_strong(y, x);
  |    return x.load();
  |}
  |
/usr/bin/clang++ -o build/scons/sconf_temp/conftest_48.o -c -Wnon-virtual-dtor -Woverloaded-virtual -std=c++11 -fno-omit-frame-pointer -fPIC -fno-strict-aliasing -ggdb -pthread -Wall -Wsign-compare -Wno-unknown-pragmas -Winvalid-pch -Werror -O0 -fstack-protector -Wno-unused-function -Wno-unused-private-field -Wno-deprecated-declarations -Wno-tautological-constant-out-of-range-compare -Wno-unused-const-variable -Wno-missing-braces -Wno-null-conversion -fno-builtin-memcmp -DPCRE_STATIC -DBOOST_THREAD_VERSION=4 -DBOOST_THREAD_DONT_PROVIDE_VARIADIC_THREAD -DBOOST_SYSTEM_NO_DEPRECATED -DBOOST_THREAD_DONT_PROVIDE_INTERRUPTIONS -DBOOST_THREAD_HAS_NO_EINTR_BUG -I/usr/local/opt build/scons/sconf_temp/conftest_48.cpp
/usr/bin/clang++ -o build/scons/sconf_temp/conftest_48 -fPIC -pthread -Wl,-bind_at_load -fstack-protector build/scons/sconf_temp/conftest_48.o -L/usr/bin:/usr/local/opt -Wl,-all_load -Wl,-noall_load -ldl
clang: warning: argument unused during compilation: '-pthread'
ld: warning: directory not found for option '-L/usr/bin:/usr/local/opt'
ld: warning: option -noall_load is obsolete and being ignored
scons: Configure: yes


file /Users/paulpedersen/dev/textpoc/mongo/src/third_party/wiredtiger/SConscript,line 28:
	Configure(confdir = build/scons/sconf_temp)
scons: Configure: Checking for C function fallocate()... 
build/scons/sconf_temp/conftest_49.c <-
  |
  |
  |#include <assert.h>
  |
  |#ifdef __cplusplus
  |extern "C"
  |#endif
  |char fallocate();
  |
  |int main() {
  |#if defined (__stub_fallocate) || defined (__stub___fallocate)
  |  fail fail fail
  |#else
  |  fallocate();
  |#endif
  |
  |  return 0;
  |}
  |
/usr/bin/clang -o build/scons/sconf_temp/conftest_49.o -c -std=c99 -fno-omit-frame-pointer -fPIC -fno-strict-aliasing -ggdb -pthread -Wall -Wsign-compare -Wno-unknown-pragmas -Winvalid-pch -Werror -O0 -fstack-protector -Wno-unused-function -Wno-unused-private-field -Wno-deprecated-declarations -Wno-tautological-constant-out-of-range-compare -Wno-unused-const-variable -Wno-missing-braces -Wno-null-conversion -fno-builtin-memcmp -DPCRE_STATIC -DBOOST_THREAD_VERSION=4 -DBOOST_THREAD_DONT_PROVIDE_VARIADIC_THREAD -DBOOST_SYSTEM_NO_DEPRECATED -DBOOST_THREAD_DONT_PROVIDE_INTERRUPTIONS -DBOOST_THREAD_HAS_NO_EINTR_BUG -DHAVE_DIAGNOSTIC -DHAVE_VERBOSE -Isrc/third_party/snappy-1.1.3 -Isrc/third_party/zlib-1.2.8 -Ibuild/debug/third_party/wiredtiger -Isrc/third_party/wiredtiger -I/usr/local/opt -Ibuild/debug/third_party/wiredtiger/src/include -Isrc/third_party/wiredtiger/src/include build/scons/sconf_temp/conftest_49.c
/usr/bin/clang -o build/scons/sconf_temp/conftest_49 -fPIC -pthread -Wl,-bind_at_load -fstack-protector build/scons/sconf_temp/conftest_49.o -L/usr/bin:/usr/local/opt -Wl,-all_load -Wl,-noall_load -ldl
clang: warning: argument unused during compilation: '-pthread'
ld: warning: directory not found for option '-L/usr/bin:/usr/local/opt'
ld: warning: option -noall_load is obsolete and being ignored
Undefined symbols for architecture x86_64:
  "_fallocate", referenced from:
      _main in conftest_49.o
ld: symbol(s) not found for architecture x86_64
clang: error: linker command failed with exit code 1 (use -v to see invocation)
scons: Configure: no

scons: Configure: Checking for C function sync_file_range()... 
build/scons/sconf_temp/conftest_50.c <-
  |
  |
  |#include <assert.h>
  |
  |#ifdef __cplusplus
  |extern "C"
  |#endif
  |char sync_file_range();
  |
  |int main() {
  |#if defined (__stub_sync_file_range) || defined (__stub___sync_file_range)
  |  fail fail fail
  |#else
  |  sync_file_range();
  |#endif
  |
  |  return 0;
  |}
  |
/usr/bin/clang -o build/scons/sconf_temp/conftest_50.o -c -std=c99 -fno-omit-frame-pointer -fPIC -fno-strict-aliasing -ggdb -pthread -Wall -Wsign-compare -Wno-unknown-pragmas -Winvalid-pch -Werror -O0 -fstack-protector -Wno-unused-function -Wno-unused-private-field -Wno-deprecated-declarations -Wno-tautological-constant-out-of-range-compare -Wno-unused-const-variable -Wno-missing-braces -Wno-null-conversion -fno-builtin-memcmp -DPCRE_STATIC -DBOOST_THREAD_VERSION=4 -DBOOST_THREAD_DONT_PROVIDE_VARIADIC_THREAD -DBOOST_SYSTEM_NO_DEPRECATED -DBOOST_THREAD_DONT_PROVIDE_INTERRUPTIONS -DBOOST_THREAD_HAS_NO_EINTR_BUG -DHAVE_DIAGNOSTIC -DHAVE_VERBOSE -Isrc/third_party/snappy-1.1.3 -Isrc/third_party/zlib-1.2.8 -Ibuild/debug/third_party/wiredtiger -Isrc/third_party/wiredtiger -I/usr/local/opt -Ibuild/debug/third_party/wiredtiger/src/include -Isrc/third_party/wiredtiger/src/include build/scons/sconf_temp/conftest_50.c
/usr/bin/clang -o build/scons/sconf_temp/conftest_50 -fPIC -pthread -Wl,-bind_at_load -fstack-protector build/scons/sconf_temp/conftest_50.o -L/usr/bin:/usr/local/opt -Wl,-all_load -Wl,-noall_load -ldl
clang: warning: argument unused during compilation: '-pthread'
ld: warning: directory not found for option '-L/usr/bin:/usr/local/opt'
ld: warning: option -noall_load is obsolete and being ignored
Undefined symbols for architecture x86_64:
  "_sync_file_range", referenced from:
      _main in conftest_50.o
ld: symbol(s) not found for architecture x86_64
clang: error: linker command failed with exit code 1 (use -v to see invocation)
scons: Configure: no

scons: Configure: Checking for C header file x86intrin.h... 
build/scons/sconf_temp/conftest_51.c <-
  |
  |#include "x86intrin.h"
  |
  |
/usr/bin/clang -o build/scons/sconf_temp/conftest_51.o -c -std=c99 -fno-omit-frame-pointer -fPIC -fno-strict-aliasing -ggdb -pthread -Wall -Wsign-compare -Wno-unknown-pragmas -Winvalid-pch -Werror -O0 -fstack-protector -Wno-unused-function -Wno-unused-private-field -Wno-deprecated-declarations -Wno-tautological-constant-out-of-range-compare -Wno-unused-const-variable -Wno-missing-braces -Wno-null-conversion -fno-builtin-memcmp -DPCRE_STATIC -DBOOST_THREAD_VERSION=4 -DBOOST_THREAD_DONT_PROVIDE_VARIADIC_THREAD -DBOOST_SYSTEM_NO_DEPRECATED -DBOOST_THREAD_DONT_PROVIDE_INTERRUPTIONS -DBOOST_THREAD_HAS_NO_EINTR_BUG -DHAVE_DIAGNOSTIC -DHAVE_VERBOSE -Isrc/third_party/snappy-1.1.3 -Isrc/third_party/zlib-1.2.8 -Ibuild/debug/third_party/wiredtiger -Isrc/third_party/wiredtiger -I/usr/local/opt -Ibuild/debug/third_party/wiredtiger/src/include -Isrc/third_party/wiredtiger/src/include build/scons/sconf_temp/conftest_51.c
scons: Configure: yes

